Assembler report for DE0_NANO
Fri Jan 09 00:30:40 2015
Quartus II 64-Bit Version 14.1.0 Build 186 12/03/2014 SJ Web Edition


---------------------
; Table of Contents ;
---------------------
  1. Legal Notice
  2. Assembler Summary
  3. Assembler Settings
  4. Assembler Generated Files
  5. Assembler Device Options: C:/Users/John/Documents/GitHub/md5-64-stage-pipelined-fpga/DE0_NANO.sof
  6. Assembler Messages



----------------
; Legal Notice ;
----------------
Copyright (C) 1991-2014 Altera Corporation. All rights reserved.
Your use of Altera Corporation's design tools, logic functions 
and other software and tools, and its AMPP partner logic 
functions, and any output files from any of the foregoing 
(including device programming or simulation files), and any 
associated documentation or information are expressly subject 
to the terms and conditions of the Altera Program License 
Subscription Agreement, the Altera Quartus II License Agreement,
the Altera MegaCore Function License Agreement, or other 
applicable license agreement, including, without limitation, 
that your use is for the sole purpose of programming logic 
devices manufactured by Altera and sold by Altera or its 
authorized distributors.  Please refer to the applicable 
agreement for further details.



+---------------------------------------------------------------+
; Assembler Summary                                             ;
+-----------------------+---------------------------------------+
; Assembler Status      ; Successful - Fri Jan 09 00:30:40 2015 ;
; Revision Name         ; DE0_NANO                              ;
; Top-level Entity Name ; Block3                                ;
; Family                ; Cyclone IV E                          ;
; Device                ; EP4CE22F17C6                          ;
+-----------------------+---------------------------------------+


+----------------------------------+
; Assembler Settings               ;
+--------+---------+---------------+
; Option ; Setting ; Default Value ;
+--------+---------+---------------+


+-------------------------------------------------------------------------+
; Assembler Generated Files                                               ;
+-------------------------------------------------------------------------+
; File Name                                                               ;
+-------------------------------------------------------------------------+
; C:/Users/John/Documents/GitHub/md5-64-stage-pipelined-fpga/DE0_NANO.sof ;
+-------------------------------------------------------------------------+


+---------------------------------------------------------------------------------------------------+
; Assembler Device Options: C:/Users/John/Documents/GitHub/md5-64-stage-pipelined-fpga/DE0_NANO.sof ;
+----------------+----------------------------------------------------------------------------------+
; Option         ; Setting                                                                          ;
+----------------+----------------------------------------------------------------------------------+
; Device         ; EP4CE22F17C6                                                                     ;
; JTAG usercode  ; 0x00D61E2D                                                                       ;
; Checksum       ; 0x00D61E2D                                                                       ;
+----------------+----------------------------------------------------------------------------------+


+--------------------+
; Assembler Messages ;
+--------------------+
Info: *******************************************************************
Info: Running Quartus II 64-Bit Assembler
    Info: Version 14.1.0 Build 186 12/03/2014 SJ Web Edition
    Info: Processing started: Fri Jan 09 00:30:36 2015
Info: Command: quartus_asm --read_settings_files=off --write_settings_files=off DE0_NANO -c DE0_NANO
Info (115031): Writing out detailed assembly data for power analysis
Info (115030): Assembler is generating device programming files
Info: Quartus II 64-Bit Assembler was successful. 0 errors, 0 warnings
    Info: Peak virtual memory: 619 megabytes
    Info: Processing ended: Fri Jan 09 00:30:40 2015
    Info: Elapsed time: 00:00:04
    Info: Total CPU time (on all processors): 00:00:03


